2021-09-06T03:43:15.911-0500 INFO Starting SpringBootPracticalProjectApplication using Java 1.8.0_301 on DESKTOP-TRMCR9U with PID 14076 (C:\Users\MOISES\workspace\spring-boot-practical-project\target\classes started by MOISES in C:\Users\MOISES\workspace\spring-boot-practical-project)
2021-09-06T03:43:15.924-0500 INFO No active profile set, falling back to default profiles: default
2021-09-06T03:43:25.144-0500 INFO Started SpringBootPracticalProjectApplication in 9.996 seconds (JVM running for 11.621)
2021-09-06T03:43:34.224-0500 INFO Customer information was found.
2021-09-06T03:44:25.307-0500 INFO Starting SpringBootPracticalProjectApplication using Java 1.8.0_301 on DESKTOP-TRMCR9U with PID 13552 (C:\Users\MOISES\workspace\spring-boot-practical-project\target\classes started by MOISES in C:\Users\MOISES\workspace\spring-boot-practical-project)
2021-09-06T03:44:25.319-0500 DEBUG Running with Spring Boot v2.5.4, Spring v5.3.9
2021-09-06T03:44:25.320-0500 INFO No active profile set, falling back to default profiles: default
2021-09-06T03:44:33.727-0500 INFO Started SpringBootPracticalProjectApplication in 9.418 seconds (JVM running for 11.049)
2021-09-06T03:44:40.790-0500 INFO Customer information was found.
2021-09-06T09:49:23.158-0500 INFO Starting SpringBootPracticalProjectApplication using Java 1.8.0_301 on DESKTOP-TRMCR9U with PID 9612 (C:\Users\MOISES\workspace\spring-boot-practical-project\target\classes started by MOISES in C:\Users\MOISES\workspace\spring-boot-practical-project)
2021-09-06T09:49:23.170-0500 INFO No active profile set, falling back to default profiles: default
2021-09-06T09:49:28.814-0500 INFO Started SpringBootPracticalProjectApplication in 6.289 seconds (JVM running for 7.839)
2021-09-06T09:49:35.122-0500 INFO Customer information was found.
2021-09-06T09:50:21.854-0500 INFO Customer information was found.
2021-09-06T09:51:47.740-0500 INFO Customer information was found.
2021-09-06T09:54:43.133-0500 INFO Customer information was found.
2021-09-06T09:55:57.813-0500 INFO Customer information was found.
2021-09-06T10:02:38.210-0500 INFO Starting SpringBootPracticalProjectApplication using Java 1.8.0_301 on DESKTOP-TRMCR9U with PID 4876 (C:\Users\MOISES\workspace\spring-boot-practical-project\target\classes started by MOISES in C:\Users\MOISES\workspace\spring-boot-practical-project)
2021-09-06T10:02:38.221-0500 INFO No active profile set, falling back to default profiles: default
2021-09-06T10:02:44.222-0500 INFO Started SpringBootPracticalProjectApplication in 6.624 seconds (JVM running for 7.947)
2021-09-06T10:03:10.181-0500 INFO Starting SpringBootPracticalProjectApplication using Java 1.8.0_301 on DESKTOP-TRMCR9U with PID 2952 (C:\Users\MOISES\workspace\spring-boot-practical-project\target\classes started by MOISES in C:\Users\MOISES\workspace\spring-boot-practical-project)
2021-09-06T10:03:10.192-0500 INFO No active profile set, falling back to default profiles: default
2021-09-06T10:03:15.686-0500 INFO Started SpringBootPracticalProjectApplication in 6.132 seconds (JVM running for 7.438)
2021-09-06T10:03:41.436-0500 INFO Customer information was found.
2021-09-06T11:17:43.820-0500 INFO Starting SpringBootPracticalProjectApplication using Java 1.8.0_301 on DESKTOP-TRMCR9U with PID 3044 (C:\Users\MOISES\workspace\spring-boot-practical-project\target\classes started by MOISES in C:\Users\MOISES\workspace\spring-boot-practical-project)
2021-09-06T11:17:43.831-0500 INFO No active profile set, falling back to default profiles: default
2021-09-06T11:17:49.348-0500 INFO Started SpringBootPracticalProjectApplication in 6.238 seconds (JVM running for 7.717)
2021-09-06T11:43:33.999-0500 INFO Starting SpringBootPracticalProjectApplication using Java 1.8.0_301 on DESKTOP-TRMCR9U with PID 5736 (C:\Users\MOISES\workspace\spring-boot-practical-project\target\classes started by MOISES in C:\Users\MOISES\workspace\spring-boot-practical-project)
2021-09-06T11:43:34.012-0500 INFO No active profile set, falling back to default profiles: default
2021-09-06T11:43:47.207-0500 INFO Starting SpringBootPracticalProjectApplication using Java 1.8.0_301 on DESKTOP-TRMCR9U with PID 2560 (C:\Users\MOISES\workspace\spring-boot-practical-project\target\classes started by MOISES in C:\Users\MOISES\workspace\spring-boot-practical-project)
2021-09-06T11:43:47.217-0500 INFO No active profile set, falling back to default profiles: default
2021-09-06T11:43:52.785-0500 INFO Started SpringBootPracticalProjectApplication in 6.186 seconds (JVM running for 7.353)
2021-09-06T11:44:03.064-0500 INFO Starting SpringBootPracticalProjectApplication using Java 1.8.0_301 on DESKTOP-TRMCR9U with PID 12744 (C:\Users\MOISES\workspace\spring-boot-practical-project\target\classes started by MOISES in C:\Users\MOISES\workspace\spring-boot-practical-project)
2021-09-06T11:44:03.076-0500 INFO No active profile set, falling back to default profiles: default
2021-09-06T11:44:08.576-0500 INFO Started SpringBootPracticalProjectApplication in 6.093 seconds (JVM running for 7.251)
2021-09-06T11:44:40.773-0500 INFO Starting SpringBootPracticalProjectApplication using Java 1.8.0_301 on DESKTOP-TRMCR9U with PID 11708 (C:\Users\MOISES\workspace\spring-boot-practical-project\target\classes started by MOISES in C:\Users\MOISES\workspace\spring-boot-practical-project)
2021-09-06T11:44:40.783-0500 INFO No active profile set, falling back to default profiles: default
2021-09-06T11:44:46.418-0500 INFO Started SpringBootPracticalProjectApplication in 6.258 seconds (JVM running for 7.446)
2021-09-06T11:46:34.199-0500 INFO Starting SpringBootPracticalProjectApplication using Java 1.8.0_301 on DESKTOP-TRMCR9U with PID 6952 (C:\Users\MOISES\workspace\spring-boot-practical-project\target\classes started by MOISES in C:\Users\MOISES\workspace\spring-boot-practical-project)
2021-09-06T11:46:34.223-0500 INFO No active profile set, falling back to default profiles: default
2021-09-06T11:46:39.929-0500 INFO Started SpringBootPracticalProjectApplication in 6.403 seconds (JVM running for 7.776)
2021-09-06T11:46:51.895-0500 INFO Customer information was found.
2021-09-06T11:48:41.025-0500 INFO Starting SpringBootPracticalProjectApplication using Java 1.8.0_301 on DESKTOP-TRMCR9U with PID 6396 (C:\Users\MOISES\workspace\spring-boot-practical-project\target\classes started by MOISES in C:\Users\MOISES\workspace\spring-boot-practical-project)
2021-09-06T11:48:41.036-0500 INFO No active profile set, falling back to default profiles: default
2021-09-06T11:48:46.275-0500 INFO Started SpringBootPracticalProjectApplication in 5.921 seconds (JVM running for 7.188)
2021-09-06T11:49:53.134-0500 INFO Starting SpringBootPracticalProjectApplication using Java 1.8.0_301 on DESKTOP-TRMCR9U with PID 10776 (C:\Users\MOISES\workspace\spring-boot-practical-project\target\classes started by MOISES in C:\Users\MOISES\workspace\spring-boot-practical-project)
2021-09-06T11:49:53.145-0500 INFO No active profile set, falling back to default profiles: default
2021-09-06T11:49:58.803-0500 INFO Started SpringBootPracticalProjectApplication in 6.231 seconds (JVM running for 7.341)
